<?xml version="1.0" encoding="UTF-8"?>
<testsuite name="com.branchin.beemylawyer.BeemylawyerApplicationTests" tests="1" skipped="0" failures="0" errors="0" timestamp="2022-09-06T02:36:50" hostname="LAPTOP-FSATU6B5" time="0.265">
  <properties/>
  <testcase name="contextLoads()" classname="com.branchin.beemylawyer.BeemylawyerApplicationTests" time="0.265"/>
  <system-out><![CDATA[22:36:43.854 [Test worker] DEBUG org.springframework.test.context.BootstrapUtils - Instantiating CacheAwareContextLoaderDelegate from class [org.springframework.test.context.cache.DefaultCacheAwareContextLoaderDelegate]
22:36:43.867 [Test worker] DEBUG org.springframework.test.context.BootstrapUtils - Instantiating BootstrapContext using constructor [public org.springframework.test.context.support.DefaultBootstrapContext(java.lang.Class,org.springframework.test.context.CacheAwareContextLoaderDelegate)]
22:36:43.905 [Test worker] DEBUG org.springframework.test.context.BootstrapUtils - Instantiating TestContextBootstrapper for test class [com.branchin.beemylawyer.BeemylawyerApplicationTests] from class [org.springframework.boot.test.context.SpringBootTestContextBootstrapper]
22:36:43.916 [Test worker] INFO org.springframework.boot.test.context.SpringBootTestContextBootstrapper - Neither @ContextConfiguration nor @ContextHierarchy found for test class [com.branchin.beemylawyer.BeemylawyerApplicationTests], using SpringBootContextLoader
22:36:43.923 [Test worker] DEBUG org.springframework.test.context.support.AbstractContextLoader - Did not detect default resource location for test class [com.branchin.beemylawyer.BeemylawyerApplicationTests]: class path resource [com/branchin/beemylawyer/BeemylawyerApplicationTests-context.xml] does not exist
22:36:43.923 [Test worker] DEBUG org.springframework.test.context.support.AbstractContextLoader - Did not detect default resource location for test class [com.branchin.beemylawyer.BeemylawyerApplicationTests]: class path resource [com/branchin/beemylawyer/BeemylawyerApplicationTestsContext.groovy] does not exist
22:36:43.924 [Test worker] INFO org.springframework.test.context.support.AbstractContextLoader - Could not detect default resource locations for test class [com.branchin.beemylawyer.BeemylawyerApplicationTests]: no resource found for suffixes {-context.xml, Context.groovy}.
22:36:43.925 [Test worker] INFO org.springframework.test.context.support.AnnotationConfigContextLoaderUtils - Could not detect default configuration classes for test class [com.branchin.beemylawyer.BeemylawyerApplicationTests]: BeemylawyerApplicationTests does not declare any static, non-private, non-final, nested classes annotated with @Configuration.
22:36:43.973 [Test worker] DEBUG org.springframework.test.context.support.ActiveProfilesUtils - Could not find an 'annotation declaring class' for annotation type [org.springframework.test.context.ActiveProfiles] and class [com.branchin.beemylawyer.BeemylawyerApplicationTests]
22:36:44.049 [Test worker] DEBUG org.springframework.context.annotation.ClassPathScanningCandidateComponentProvider - Identified candidate component class: file [D:\BeeMyLawyer\beemylawyer\beemylawyer\build\classes\java\main\com\branchin\beemylawyer\BeemylawyerApplication.class]
22:36:44.050 [Test worker] INFO org.springframework.boot.test.context.SpringBootTestContextBootstrapper - Found @SpringBootConfiguration com.branchin.beemylawyer.BeemylawyerApplication for test class com.branchin.beemylawyer.BeemylawyerApplicationTests
22:36:44.153 [Test worker] DEBUG org.springframework.boot.test.context.SpringBootTestContextBootstrapper - @TestExecutionListeners is not present for class [com.branchin.beemylawyer.BeemylawyerApplicationTests]: using defaults.
22:36:44.154 [Test worker] INFO org.springframework.boot.test.context.SpringBootTestContextBootstrapper - Loaded default TestExecutionListener class names from location [META-INF/spring.factories]: [org.springframework.boot.test.autoconfigure.restdocs.RestDocsTestExecutionListener, org.springframework.boot.test.autoconfigure.web.client.MockRestServiceServerResetTestExecutionListener, org.springframework.boot.test.autoconfigure.web.servlet.MockMvcPrintOnlyOnFailureTestExecutionListener, org.springframework.boot.test.autoconfigure.web.servlet.WebDriverTestExecutionListener, org.springframework.boot.test.autoconfigure.webservices.client.MockWebServiceServerTestExecutionListener, org.springframework.boot.test.mock.mockito.MockitoTestExecutionListener, org.springframework.boot.test.mock.mockito.ResetMocksTestExecutionListener, org.springframework.test.context.web.ServletTestExecutionListener, org.springframework.test.context.support.DirtiesContextBeforeModesTestExecutionListener, org.springframework.test.context.event.ApplicationEventsTestExecutionListener, org.springframework.test.context.support.DependencyInjectionTestExecutionListener, org.springframework.test.context.support.DirtiesContextTestExecutionListener, org.springframework.test.context.transaction.TransactionalTestExecutionListener, org.springframework.test.context.jdbc.SqlScriptsTestExecutionListener, org.springframework.test.context.event.EventPublishingTestExecutionListener]
22:36:44.177 [Test worker] INFO org.springframework.boot.test.context.SpringBootTestContextBootstrapper - Using TestExecutionListeners: [org.springframework.test.context.web.ServletTestExecutionListener@f6c03cb, org.springframework.test.context.support.DirtiesContextBeforeModesTestExecutionListener@46f699d5, org.springframework.test.context.event.ApplicationEventsTestExecutionListener@18518ccf, org.springframework.boot.test.mock.mockito.MockitoTestExecutionListener@1991f767, org.springframework.boot.test.autoconfigure.SpringBootDependencyInjectionTestExecutionListener@768ccdc5, org.springframework.test.context.support.DirtiesContextTestExecutionListener@4c6daf0, org.springframework.test.context.transaction.TransactionalTestExecutionListener@10650953, org.springframework.test.context.jdbc.SqlScriptsTestExecutionListener@659eef7, org.springframework.test.context.event.EventPublishingTestExecutionListener@162be91c, org.springframework.boot.test.autoconfigure.restdocs.RestDocsTestExecutionListener@2488b073, org.springframework.boot.test.autoconfigure.web.client.MockRestServiceServerResetTestExecutionListener@1c9f0a20, org.springframework.boot.test.autoconfigure.web.servlet.MockMvcPrintOnlyOnFailureTestExecutionListener@55787112, org.springframework.boot.test.autoconfigure.web.servlet.WebDriverTestExecutionListener@1cd201a8, org.springframework.boot.test.autoconfigure.webservices.client.MockWebServiceServerTestExecutionListener@7db82169, org.springframework.boot.test.mock.mockito.ResetMocksTestExecutionListener@1992eaf4]
22:36:44.181 [Test worker] DEBUG org.springframework.test.context.support.AbstractDirtiesContextTestExecutionListener - Before test class: context [DefaultTestContext@107ed6fc testClass = BeemylawyerApplicationTests, testInstance = [null], testMethod = [null], testException = [null], mergedContextConfiguration = [WebMergedContextConfiguration@1643d68f testClass = BeemylawyerApplicationTests, locations = '{}', classes = '{class com.branchin.beemylawyer.BeemylawyerApplication}', contextInitializerClasses = '[]', activeProfiles = '{}', propertySourceLocations = '{}', propertySourceProperties = '{org.springframework.boot.test.context.SpringBootTestContextBootstrapper=true}', contextCustomizers = set[org.springframework.boot.test.autoconfigure.actuate.metrics.MetricsExportContextCustomizerFactory$DisableMetricExportContextCustomizer@554e218, org.springframework.boot.test.autoconfigure.properties.PropertyMappingContextCustomizer@0, org.springframework.boot.test.autoconfigure.web.servlet.WebDriverContextCustomizerFactory$Customizer@32a68f4f, org.springframework.boot.test.context.filter.ExcludeFilterContextCustomizer@31dadd46, org.springframework.boot.test.json.DuplicateJsonObjectContextCustomizerFactory$DuplicateJsonObjectContextCustomizer@19b93fa8, org.springframework.boot.test.mock.mockito.MockitoContextCustomizer@0, org.springframework.boot.test.web.client.TestRestTemplateContextCustomizer@39655d3e, org.springframework.boot.test.context.SpringBootTestArgs@1, org.springframework.boot.test.context.SpringBootTestWebEnvironment@1e6454ec], resourceBasePath = 'src/main/webapp', contextLoader = 'org.springframework.boot.test.context.SpringBootContextLoader', parent = [null]], attributes = map['org.springframework.test.context.web.ServletTestExecutionListener.activateListener' -> true]], class annotated with @DirtiesContext [false] with mode [null].

  .   ____          _            __ _ _
 /\\ / ___'_ __ _ _(_)_ __  __ _ \ \ \ \
( ( )\___ | '_ | '_| | '_ \/ _` | \ \ \ \
 \\/  ___)| |_)| | | | | || (_| |  ) ) ) )
  '  |____| .__|_| |_|_| |_\__, | / / / /
 =========|_|==============|___/=/_/_/_/
 :: Spring Boot ::                (v2.6.7)

2022-09-05 22:36:44.533  INFO 32132 --- [    Test worker] c.b.b.BeemylawyerApplicationTests        : Starting BeemylawyerApplicationTests using Java 18.0.1.1 on LAPTOP-FSATU6B5 with PID 32132 (started by Victor in D:\BeeMyLawyer\beemylawyer\beemylawyer)
2022-09-05 22:36:44.535  INFO 32132 --- [    Test worker] c.b.b.BeemylawyerApplicationTests        : No active profile set, falling back to 1 default profile: "default"
2022-09-05 22:36:45.356  INFO 32132 --- [    Test worker] .s.d.r.c.RepositoryConfigurationDelegate : Multiple Spring Data modules found, entering strict repository configuration mode!
2022-09-05 22:36:45.359  INFO 32132 --- [    Test worker] .s.d.r.c.RepositoryConfigurationDelegate : Bootstrapping Spring Data JDBC repositories in DEFAULT mode.
2022-09-05 22:36:45.396  INFO 32132 --- [    Test worker] .RepositoryConfigurationExtensionSupport : Spring Data JDBC - Could not safely identify store assignment for repository candidate interface com.branchin.beemylawyer.repository.AccountRepository. If you want this repository to be a JDBC repository, consider annotating your entities with one of these annotations: org.springframework.data.relational.core.mapping.Table.
2022-09-05 22:36:45.398  INFO 32132 --- [    Test worker] .RepositoryConfigurationExtensionSupport : Spring Data JDBC - Could not safely identify store assignment for repository candidate interface com.branchin.beemylawyer.repository.LawyerRepository. If you want this repository to be a JDBC repository, consider annotating your entities with one of these annotations: org.springframework.data.relational.core.mapping.Table.
2022-09-05 22:36:45.399  INFO 32132 --- [    Test worker] .RepositoryConfigurationExtensionSupport : Spring Data JDBC - Could not safely identify store assignment for repository candidate interface com.branchin.beemylawyer.repository.RequestRepository. If you want this repository to be a JDBC repository, consider annotating your entities with one of these annotations: org.springframework.data.relational.core.mapping.Table.
2022-09-05 22:36:45.400  INFO 32132 --- [    Test worker] .s.d.r.c.RepositoryConfigurationDelegate : Finished Spring Data repository scanning in 35 ms. Found 0 JDBC repository interfaces.
2022-09-05 22:36:45.414  INFO 32132 --- [    Test worker] .s.d.r.c.RepositoryConfigurationDelegate : Multiple Spring Data modules found, entering strict repository configuration mode!
2022-09-05 22:36:45.416  INFO 32132 --- [    Test worker] .s.d.r.c.RepositoryConfigurationDelegate : Bootstrapping Spring Data JPA repositories in DEFAULT mode.
2022-09-05 22:36:45.464  INFO 32132 --- [    Test worker] .s.d.r.c.RepositoryConfigurationDelegate : Finished Spring Data repository scanning in 43 ms. Found 3 JPA repository interfaces.
2022-09-05 22:36:46.061  INFO 32132 --- [    Test worker] com.zaxxer.hikari.HikariDataSource       : HikariPool-1 - Starting...
2022-09-05 22:36:46.769  INFO 32132 --- [    Test worker] com.zaxxer.hikari.HikariDataSource       : HikariPool-1 - Start completed.
2022-09-05 22:36:47.160  INFO 32132 --- [    Test worker] o.hibernate.jpa.internal.util.LogHelper  : HHH000204: Processing PersistenceUnitInfo [name: default]
2022-09-05 22:36:47.287  INFO 32132 --- [    Test worker] org.hibernate.Version                    : HHH000412: Hibernate ORM core version 5.6.8.Final
2022-09-05 22:36:47.484  INFO 32132 --- [    Test worker] o.hibernate.annotations.common.Version   : HCANN000001: Hibernate Commons Annotations {5.1.2.Final}
2022-09-05 22:36:47.709  INFO 32132 --- [    Test worker] org.hibernate.dialect.Dialect            : HHH000400: Using dialect: org.hibernate.dialect.PostgreSQL10Dialect
2022-09-05 22:36:48.697  INFO 32132 --- [    Test worker] o.h.e.t.j.p.i.JtaPlatformInitiator       : HHH000490: Using JtaPlatform implementation: [org.hibernate.engine.transaction.jta.platform.internal.NoJtaPlatform]
2022-09-05 22:36:48.712  INFO 32132 --- [    Test worker] j.LocalContainerEntityManagerFactoryBean : Initialized JPA EntityManagerFactory for persistence unit 'default'
2022-09-05 22:36:49.690  WARN 32132 --- [    Test worker] JpaBaseConfiguration$JpaWebConfiguration : spring.jpa.open-in-view is enabled by default. Therefore, database queries may be performed during view rendering. Explicitly configure spring.jpa.open-in-view to disable this warning
2022-09-05 22:36:50.793  INFO 32132 --- [    Test worker] o.s.m.s.b.SimpleBrokerMessageHandler     : Starting...
2022-09-05 22:36:50.794  INFO 32132 --- [    Test worker] o.s.m.s.b.SimpleBrokerMessageHandler     : BrokerAvailabilityEvent[available=true, SimpleBrokerMessageHandler [org.springframework.messaging.simp.broker.DefaultSubscriptionRegistry@2318651f]]
2022-09-05 22:36:50.795  INFO 32132 --- [    Test worker] o.s.m.s.b.SimpleBrokerMessageHandler     : Started.
2022-09-05 22:36:50.807  INFO 32132 --- [    Test worker] c.b.b.BeemylawyerApplicationTests        : Started BeemylawyerApplicationTests in 6.589 seconds (JVM running for 7.986)
]]></system-out>
  <system-err><![CDATA[]]></system-err>
</testsuite>
