<?xml version="1.0" encoding="UTF-8"?>
<testsuite name="com.branchin.beemylawyer.BeemylawyerApplicationTests" tests="1" skipped="0" failures="0" errors="0" timestamp="2023-10-30T17:57:53" hostname="Victors-MacBook-Pro-14-2023.local" time="0.14">
  <properties/>
  <testcase name="contextLoads()" classname="com.branchin.beemylawyer.BeemylawyerApplicationTests" time="0.14"/>
  <system-out><![CDATA[13:57:52.991 [Test worker] DEBUG org.springframework.test.context.BootstrapUtils - Instantiating CacheAwareContextLoaderDelegate from class [org.springframework.test.context.cache.DefaultCacheAwareContextLoaderDelegate]
13:57:52.995 [Test worker] DEBUG org.springframework.test.context.BootstrapUtils - Instantiating BootstrapContext using constructor [public org.springframework.test.context.support.DefaultBootstrapContext(java.lang.Class,org.springframework.test.context.CacheAwareContextLoaderDelegate)]
13:57:53.006 [Test worker] DEBUG org.springframework.test.context.BootstrapUtils - Instantiating TestContextBootstrapper for test class [com.branchin.beemylawyer.BeemylawyerApplicationTests] from class [org.springframework.boot.test.context.SpringBootTestContextBootstrapper]
13:57:53.010 [Test worker] INFO org.springframework.boot.test.context.SpringBootTestContextBootstrapper - Neither @ContextConfiguration nor @ContextHierarchy found for test class [com.branchin.beemylawyer.BeemylawyerApplicationTests], using SpringBootContextLoader
13:57:53.011 [Test worker] DEBUG org.springframework.test.context.support.AbstractContextLoader - Did not detect default resource location for test class [com.branchin.beemylawyer.BeemylawyerApplicationTests]: class path resource [com/branchin/beemylawyer/BeemylawyerApplicationTests-context.xml] does not exist
13:57:53.011 [Test worker] DEBUG org.springframework.test.context.support.AbstractContextLoader - Did not detect default resource location for test class [com.branchin.beemylawyer.BeemylawyerApplicationTests]: class path resource [com/branchin/beemylawyer/BeemylawyerApplicationTestsContext.groovy] does not exist
13:57:53.011 [Test worker] INFO org.springframework.test.context.support.AbstractContextLoader - Could not detect default resource locations for test class [com.branchin.beemylawyer.BeemylawyerApplicationTests]: no resource found for suffixes {-context.xml, Context.groovy}.
13:57:53.011 [Test worker] INFO org.springframework.test.context.support.AnnotationConfigContextLoaderUtils - Could not detect default configuration classes for test class [com.branchin.beemylawyer.BeemylawyerApplicationTests]: BeemylawyerApplicationTests does not declare any static, non-private, non-final, nested classes annotated with @Configuration.
13:57:53.024 [Test worker] DEBUG org.springframework.test.context.support.ActiveProfilesUtils - Could not find an 'annotation declaring class' for annotation type [org.springframework.test.context.ActiveProfiles] and class [com.branchin.beemylawyer.BeemylawyerApplicationTests]
13:57:53.047 [Test worker] DEBUG org.springframework.context.annotation.ClassPathScanningCandidateComponentProvider - Identified candidate component class: file [/Users/vecorkem/Desktop/beemylawyer/beemylawyer/build/classes/java/main/com/branchin/beemylawyer/BeemylawyerApplication.class]
13:57:53.047 [Test worker] INFO org.springframework.boot.test.context.SpringBootTestContextBootstrapper - Found @SpringBootConfiguration com.branchin.beemylawyer.BeemylawyerApplication for test class com.branchin.beemylawyer.BeemylawyerApplicationTests
13:57:53.077 [Test worker] DEBUG org.springframework.boot.test.context.SpringBootTestContextBootstrapper - @TestExecutionListeners is not present for class [com.branchin.beemylawyer.BeemylawyerApplicationTests]: using defaults.
13:57:53.078 [Test worker] INFO org.springframework.boot.test.context.SpringBootTestContextBootstrapper - Loaded default TestExecutionListener class names from location [META-INF/spring.factories]: [org.springframework.boot.test.autoconfigure.restdocs.RestDocsTestExecutionListener, org.springframework.boot.test.autoconfigure.web.client.MockRestServiceServerResetTestExecutionListener, org.springframework.boot.test.autoconfigure.web.servlet.MockMvcPrintOnlyOnFailureTestExecutionListener, org.springframework.boot.test.autoconfigure.web.servlet.WebDriverTestExecutionListener, org.springframework.boot.test.autoconfigure.webservices.client.MockWebServiceServerTestExecutionListener, org.springframework.boot.test.mock.mockito.MockitoTestExecutionListener, org.springframework.boot.test.mock.mockito.ResetMocksTestExecutionListener, org.springframework.test.context.web.ServletTestExecutionListener, org.springframework.test.context.support.DirtiesContextBeforeModesTestExecutionListener, org.springframework.test.context.event.ApplicationEventsTestExecutionListener, org.springframework.test.context.support.DependencyInjectionTestExecutionListener, org.springframework.test.context.support.DirtiesContextTestExecutionListener, org.springframework.test.context.transaction.TransactionalTestExecutionListener, org.springframework.test.context.jdbc.SqlScriptsTestExecutionListener, org.springframework.test.context.event.EventPublishingTestExecutionListener]
13:57:53.085 [Test worker] DEBUG org.springframework.boot.test.context.SpringBootTestContextBootstrapper - Skipping candidate TestExecutionListener [org.springframework.test.context.transaction.TransactionalTestExecutionListener] due to a missing dependency. Specify custom listener classes or make the default listener classes and their required dependencies available. Offending class: [org/springframework/transaction/interceptor/TransactionAttributeSource]
13:57:53.085 [Test worker] DEBUG org.springframework.boot.test.context.SpringBootTestContextBootstrapper - Skipping candidate TestExecutionListener [org.springframework.test.context.jdbc.SqlScriptsTestExecutionListener] due to a missing dependency. Specify custom listener classes or make the default listener classes and their required dependencies available. Offending class: [org/springframework/transaction/interceptor/TransactionAttribute]
13:57:53.085 [Test worker] INFO org.springframework.boot.test.context.SpringBootTestContextBootstrapper - Using TestExecutionListeners: [org.springframework.test.context.web.ServletTestExecutionListener@60d1a32f, org.springframework.test.context.support.DirtiesContextBeforeModesTestExecutionListener@531c311e, org.springframework.test.context.event.ApplicationEventsTestExecutionListener@22b53226, org.springframework.boot.test.mock.mockito.MockitoTestExecutionListener@1fcb4808, org.springframework.boot.test.autoconfigure.SpringBootDependencyInjectionTestExecutionListener@726e5805, org.springframework.test.context.support.DirtiesContextTestExecutionListener@40c80397, org.springframework.test.context.event.EventPublishingTestExecutionListener@4b672daa, org.springframework.boot.test.autoconfigure.restdocs.RestDocsTestExecutionListener@ea9b7c6, org.springframework.boot.test.autoconfigure.web.client.MockRestServiceServerResetTestExecutionListener@e077866, org.springframework.boot.test.autoconfigure.web.servlet.MockMvcPrintOnlyOnFailureTestExecutionListener@ed3068a, org.springframework.boot.test.autoconfigure.web.servlet.WebDriverTestExecutionListener@7c2b6087, org.springframework.boot.test.autoconfigure.webservices.client.MockWebServiceServerTestExecutionListener@3fffff43, org.springframework.boot.test.mock.mockito.ResetMocksTestExecutionListener@a8e6492]
13:57:53.086 [Test worker] DEBUG org.springframework.test.context.support.AbstractDirtiesContextTestExecutionListener - Before test class: context [DefaultTestContext@5b43fbf6 testClass = BeemylawyerApplicationTests, testInstance = [null], testMethod = [null], testException = [null], mergedContextConfiguration = [WebMergedContextConfiguration@1080b026 testClass = BeemylawyerApplicationTests, locations = '{}', classes = '{class com.branchin.beemylawyer.BeemylawyerApplication}', contextInitializerClasses = '[]', activeProfiles = '{}', propertySourceLocations = '{}', propertySourceProperties = '{org.springframework.boot.test.context.SpringBootTestContextBootstrapper=true}', contextCustomizers = set[org.springframework.boot.test.autoconfigure.actuate.metrics.MetricsExportContextCustomizerFactory$DisableMetricExportContextCustomizer@73302995, org.springframework.boot.test.autoconfigure.properties.PropertyMappingContextCustomizer@0, org.springframework.boot.test.autoconfigure.web.servlet.WebDriverContextCustomizerFactory$Customizer@6f44a157, org.springframework.boot.test.context.filter.ExcludeFilterContextCustomizer@16eccb2e, org.springframework.boot.test.json.DuplicateJsonObjectContextCustomizerFactory$DuplicateJsonObjectContextCustomizer@36cda2c2, org.springframework.boot.test.mock.mockito.MockitoContextCustomizer@0, org.springframework.boot.test.web.client.TestRestTemplateContextCustomizer@38b27cdc, org.springframework.boot.test.context.SpringBootTestArgs@1, org.springframework.boot.test.context.SpringBootTestWebEnvironment@26b3fd41], resourceBasePath = 'src/main/webapp', contextLoader = 'org.springframework.boot.test.context.SpringBootContextLoader', parent = [null]], attributes = map['org.springframework.test.context.web.ServletTestExecutionListener.activateListener' -> true]], class annotated with @DirtiesContext [false] with mode [null].

  .   ____          _            __ _ _
 /\\ / ___'_ __ _ _(_)_ __  __ _ \ \ \ \
( ( )\___ | '_ | '_| | '_ \/ _` | \ \ \ \
 \\/  ___)| |_)| | | | | || (_| |  ) ) ) )
  '  |____| .__|_| |_|_| |_\__, | / / / /
 =========|_|==============|___/=/_/_/_/
 :: Spring Boot ::               (v2.7.13)

2023-10-30 13:57:53.186  INFO 68183 --- [    Test worker] c.b.b.BeemylawyerApplicationTests        : Starting BeemylawyerApplicationTests using Java 20.0.2.1 on Victors-MacBook-Pro-14-2023.local with PID 68183 (started by vecorkem in /Users/vecorkem/Desktop/beemylawyer/beemylawyer)
2023-10-30 13:57:53.186  INFO 68183 --- [    Test worker] c.b.b.BeemylawyerApplicationTests        : No active profile set, falling back to 1 default profile: "default"
2023-10-30 13:57:53.827  INFO 68183 --- [    Test worker] o.s.m.s.b.SimpleBrokerMessageHandler     : Starting...
2023-10-30 13:57:53.827  INFO 68183 --- [    Test worker] o.s.m.s.b.SimpleBrokerMessageHandler     : BrokerAvailabilityEvent[available=true, SimpleBrokerMessageHandler [org.springframework.messaging.simp.broker.DefaultSubscriptionRegistry@64b018f3]]
2023-10-30 13:57:53.827  INFO 68183 --- [    Test worker] o.s.m.s.b.SimpleBrokerMessageHandler     : Started.
2023-10-30 13:57:53.831  INFO 68183 --- [    Test worker] c.b.b.BeemylawyerApplicationTests        : Started BeemylawyerApplicationTests in 0.732 seconds (JVM running for 1.168)
]]></system-out>
  <system-err><![CDATA[]]></system-err>
</testsuite>
